<?xml version="1.0" encoding="UTF-8"?>
<!-- Generated by org.testng.reporters.JUnitXMLReporter -->
<testsuite hostname="Harshit" ignored="0" name="Default test" tests="3" failures="0" timestamp="2023-02-16T12:13:53 IST" time="42.628" errors="0">
  <testcase name="mercuryRegister" time="14.497" classname="com.cjc.webapp.mercury.Test.MercuryTest"/>
  <testcase name="mercuryLogin" time="3.285" classname="com.cjc.webapp.mercury.Test.MercuryTest"/>
  <testcase name="filghtbooking" time="15.607" classname="com.cjc.webapp.mercury.Test.MercuryTest"/>
</testsuite> <!-- Default test -->
