<?xml version="1.0" encoding="UTF-8"?>
<!-- Generated by org.testng.reporters.JUnitXMLReporter -->
<testsuite hostname="Harshit" ignored="0" name="Test" tests="3" failures="0" timestamp="2024-05-05T01:36:45 IST" time="39.559" errors="0">
  <testcase name="mercuryRegister" time="13.347" classname="com.cjc.webapp.mercury.Test.MercuryTest"/>
  <testcase name="mercuryLogin" time="2.774" classname="com.cjc.webapp.mercury.Test.MercuryTest"/>
  <testcase name="filghtbooking" time="12.954" classname="com.cjc.webapp.mercury.Test.MercuryTest"/>
</testsuite> <!-- Test -->
